<?xml version="1.0" encoding="utf-8"?>
<TestRun id="46000f3f-a7ca-420b-9be7-90766e8617b1" name="Ariel@ARIEL 2025-10-28 18:31:47" runUser="ARIEL\Ariel" xmlns="http://microsoft.com/schemas/VisualStudio/TeamTest/2010">
  <Times creation="2025-10-28T18:31:47.4791893-03:00" queuing="2025-10-28T18:31:47.4791897-03:00" start="2025-10-28T18:31:44.1171924-03:00" finish="2025-10-28T18:31:47.5190180-03:00" />
  <TestSettings name="default" id="afef0abe-04a9-4018-aacb-45a116ec0e50">
    <Deployment runDeploymentRoot="Ariel_ARIEL_2025-10-28_18_31_47" />
  </TestSettings>
  <Results>
    <UnitTestResult executionId="16b6dace-406e-4987-a711-a6553adde50b" testId="d3bb2eba-6828-dc18-d085-104891fdcc1e" testName="LixoZero.Tests.UnitTest1.Test1" computerName="ARIEL" duration="00:00:00.3439205" startTime="2025-10-28T18:31:46.9711553-03:00" endTime="2025-10-28T18:31:47.3287173-03:00" testType="13cdc9d9-ddb5-4fa4-a97d-d965ccfc6d4b" outcome="Passed" testListId="8c84fa94-04c1-424b-9868-57a2d4851a1d" relativeResultsDirectory="16b6dace-406e-4987-a711-a6553adde50b" />
  </Results>
  <TestDefinitions>
    <UnitTest name="LixoZero.Tests.UnitTest1.Test1" storage="c:\users\ariel\downloads\lixozero\tests\bin\release\net8.0\lixozero.tests.dll" id="d3bb2eba-6828-dc18-d085-104891fdcc1e">
      <Execution id="16b6dace-406e-4987-a711-a6553adde50b" />
      <TestMethod codeBase="C:\Users\Ariel\Downloads\LixoZero\tests\bin\Release\net8.0\LixoZero.Tests.dll" adapterTypeName="executor://xunit/VsTestRunner3/netcore/" className="LixoZero.Tests.UnitTest1" name="Test1" />
    </UnitTest>
  </TestDefinitions>
  <TestEntries>
    <TestEntry testId="d3bb2eba-6828-dc18-d085-104891fdcc1e" executionId="16b6dace-406e-4987-a711-a6553adde50b" testListId="8c84fa94-04c1-424b-9868-57a2d4851a1d" />
  </TestEntries>
  <TestLists>
    <TestList name="Resultados que não estão em uma lista" id="8c84fa94-04c1-424b-9868-57a2d4851a1d" />
    <TestList name="Todos os resultados carregados" id="19431567-8539-422a-85d7-44ee4e166bda" />
  </TestLists>
  <ResultSummary outcome="Completed">
    <Counters total="1" executed="1" passed="1" failed="0" error="0" timeout="0" aborted="0" inconclusive="0" passedButRunAborted="0" notRunnable="0" notExecuted="0" disconnected="0" warning="0" completed="0" inProgress="0" pending="0" />
    <Output>
      <StdOut>[xUnit.net 00:00:00.00] xUnit.net VSTest Adapter v3.1.5+1b188a7b0a (64-bit .NET 8.0.21)&#xD;
[xUnit.net 00:00:00.80]   Discovering: LixoZero.Tests&#xD;
[xUnit.net 00:00:00.86]   Discovered:  LixoZero.Tests&#xD;
[xUnit.net 00:00:00.91]   Starting:    LixoZero.Tests&#xD;
[xUnit.net 00:00:01.33]   Finished:    LixoZero.Tests&#xD;
</StdOut>
    </Output>
  </ResultSummary>
</TestRun>